<?xml version="1.0" encoding="UTF-8"?><testsuite errors="0" failures="0" name="io.cucumber.core.plugin.JUnitFormatter" skipped="0" tests="1" time="10.055">
<testcase classname="LOGIN" name="Test ChatGPT API and print results" time="2.161">
<system-out><![CDATA[Given User is able to connect to ChatGPT API and sends "Generate a name of an Indian. It should have 2 words." to get result.passed
]]></system-out>
</testcase>
</testsuite>
